2004.10.12 12:10 B C:\Kroegske\thumbs\12-01-200119-07-37_tmbn.jpg --> ftp.angelfire.com /kroegske/thumbs 12-01-200119-07-37_tmbn.jpg
2004.10.12 12:10 B C:\Kroegske\thumbs\12-01-200119-07-54_tmbn.jpg --> ftp.angelfire.com /kroegske/thumbs 12-01-200119-07-54_tmbn.jpg
2004.10.12 12:10 B C:\Kroegske\thumbs\12-01-200119-08-13_tmbn.jpg --> ftp.angelfire.com /kroegske/thumbs 12-01-200119-08-13_tmbn.jpg
2004.10.12 12:10 B C:\Kroegske\thumbs\12-01-200119-08-45_tmbn.jpg --> ftp.angelfire.com /kroegske/thumbs 12-01-200119-08-45_tmbn.jpg
2004.10.12 12:10 B C:\Kroegske\thumbs\12-01-200119-09-10_tmbn.jpg --> ftp.angelfire.com /kroegske/thumbs 12-01-200119-09-10_tmbn.jpg
2004.10.12 12:10 B C:\Kroegske\thumbs\12-01-200119-09-26_tmbn.jpg --> ftp.angelfire.com /kroegske/thumbs 12-01-200119-09-26_tmbn.jpg
2004.10.12 12:10 B C:\Kroegske\thumbs\12-01-200119-09-43_tmbn.jpg --> ftp.angelfire.com /kroegske/thumbs 12-01-200119-09-43_tmbn.jpg
2004.10.12 12:10 B C:\Kroegske\thumbs\12-01-200119-10-01_tmbn.jpg --> ftp.angelfire.com /kroegske/thumbs 12-01-200119-10-01_tmbn.jpg
2004.10.12 12:10 B C:\Kroegske\thumbs\12-01-200119-10-17_tmbn.jpg --> ftp.angelfire.com /kroegske/thumbs 12-01-200119-10-17_tmbn.jpg
2004.10.12 12:10 B C:\Kroegske\thumbs\12-01-200119-10-36_tmbn.jpg --> ftp.angelfire.com /kroegske/thumbs 12-01-200119-10-36_tmbn.jpg
2004.10.12 12:10 B C:\Kroegske\thumbs\12-01-200119-11-09_tmbn.jpg --> ftp.angelfire.com /kroegske/thumbs 12-01-200119-11-09_tmbn.jpg
2004.10.12 12:10 B C:\Kroegske\thumbs\12-01-200119-11-26_tmbn.jpg --> ftp.angelfire.com /kroegske/thumbs 12-01-200119-11-26_tmbn.jpg
2004.10.12 12:10 B C:\Kroegske\thumbs\12-01-200119-11-43_tmbn.jpg --> ftp.angelfire.com /kroegske/thumbs 12-01-200119-11-43_tmbn.jpg
2004.10.12 12:10 B C:\Kroegske\thumbs\12-01-200119-11-59_tmbn.jpg --> ftp.angelfire.com /kroegske/thumbs 12-01-200119-11-59_tmbn.jpg
2004.10.12 12:10 B C:\Kroegske\thumbs\12-01-200119-12-59_tmbn.jpg --> ftp.angelfire.com /kroegske/thumbs 12-01-200119-12-59_tmbn.jpg
2004.10.12 12:10 B C:\Kroegske\thumbs\12-01-200119-13-17_tmbn.jpg --> ftp.angelfire.com /kroegske/thumbs 12-01-200119-13-17_tmbn.jpg
2004.10.12 12:10 B C:\Kroegske\thumbs\12-01-200119-13-42_tmbn.jpg --> ftp.angelfire.com /kroegske/thumbs 12-01-200119-13-42_tmbn.jpg
2004.10.12 12:10 B C:\Kroegske\thumbs\12-01-200119-14-01_tmbn.jpg --> ftp.angelfire.com /kroegske/thumbs 12-01-200119-14-01_tmbn.jpg
2004.10.12 12:10 B C:\Kroegske\thumbs\12-01-200119-14-19_tmbn.jpg --> ftp.angelfire.com /kroegske/thumbs 12-01-200119-14-19_tmbn.jpg
2004.10.12 12:10 B C:\Kroegske\thumbs\12-01-200119-14-46_tmbn.jpg --> ftp.angelfire.com /kroegske/thumbs 12-01-200119-14-46_tmbn.jpg
2004.10.12 12:10 B C:\Kroegske\thumbs\12-01-200119-15-22_tmbn.jpg --> ftp.angelfire.com /kroegske/thumbs 12-01-200119-15-22_tmbn.jpg
2004.10.12 12:10 B C:\Kroegske\thumbs\12-01-200119-15-44_tmbn.jpg --> ftp.angelfire.com /kroegske/thumbs 12-01-200119-15-44_tmbn.jpg
2004.10.12 12:10 B C:\Kroegske\thumbs\12-01-200119-15-56_tmbn.jpg --> ftp.angelfire.com /kroegske/thumbs 12-01-200119-15-56_tmbn.jpg
2004.10.12 12:10 B C:\Kroegske\thumbs\12-01-200119-16-37_tmbn.jpg --> ftp.angelfire.com /kroegske/thumbs 12-01-200119-16-37_tmbn.jpg
2004.10.12 12:10 B C:\Kroegske\thumbs\12-01-200119-16-52_tmbn.jpg --> ftp.angelfire.com /kroegske/thumbs 12-01-200119-16-52_tmbn.jpg
2004.10.12 12:10 B C:\Kroegske\thumbs\12-01-200119-17-06_tmbn.jpg --> ftp.angelfire.com /kroegske/thumbs 12-01-200119-17-06_tmbn.jpg
2004.10.12 12:10 B C:\Kroegske\thumbs\12-01-200119-17-20_tmbn.jpg --> ftp.angelfire.com /kroegske/thumbs 12-01-200119-17-20_tmbn.jpg
2004.10.12 12:10 B C:\Kroegske\thumbs\12-01-200119-17-33_tmbn.jpg --> ftp.angelfire.com /kroegske/thumbs 12-01-200119-17-33_tmbn.jpg
2004.10.12 12:10 B C:\Kroegske\thumbs\12-01-200119-18-16_tmbn.jpg --> ftp.angelfire.com /kroegske/thumbs 12-01-200119-18-16_tmbn.jpg
2004.10.12 12:10 B C:\Kroegske\thumbs\124-2470_IMG_tmbn.jpg --> ftp.angelfire.com /kroegske/thumbs 124-2470_IMG_tmbn.jpg
2004.10.12 12:10 B C:\Kroegske\thumbs\124-2471_IMG_tmbn.jpg --> ftp.angelfire.com /kroegske/thumbs 124-2471_IMG_tmbn.jpg
2004.10.12 12:10 B C:\Kroegske\thumbs\124-2472_IMG_tmbn.jpg --> ftp.angelfire.com /kroegske/thumbs 124-2472_IMG_tmbn.jpg
2004.10.12 12:10 B C:\Kroegske\thumbs\124-2473_IMG_tmbn.jpg --> ftp.angelfire.com /kroegske/thumbs 124-2473_IMG_tmbn.jpg
2004.10.12 12:10 B C:\Kroegske\thumbs\124-2475_IMG_tmbn.jpg --> ftp.angelfire.com /kroegske/thumbs 124-2475_IMG_tmbn.jpg
2004.10.12 12:10 B C:\Kroegske\thumbs\124-2476_IMG_tmbn.jpg --> ftp.angelfire.com /kroegske/thumbs 124-2476_IMG_tmbn.jpg
2004.10.12 12:10 B C:\Kroegske\thumbs\124-2477_IMG_tmbn.jpg --> ftp.angelfire.com /kroegske/thumbs 124-2477_IMG_tmbn.jpg
2004.10.12 12:10 B C:\Kroegske\thumbs\124-2478_IMG_tmbn.jpg --> ftp.angelfire.com /kroegske/thumbs 124-2478_IMG_tmbn.jpg
2004.10.12 12:10 B C:\Kroegske\thumbs\124-2479_IMG_tmbn.jpg --> ftp.angelfire.com /kroegske/thumbs 124-2479_IMG_tmbn.jpg
2004.10.12 12:10 B C:\Kroegske\thumbs\124-2481_IMG_tmbn.jpg --> ftp.angelfire.com /kroegske/thumbs 124-2481_IMG_tmbn.jpg
2004.10.12 12:10 B C:\Kroegske\thumbs\124-2482_IMG_tmbn.jpg --> ftp.angelfire.com /kroegske/thumbs 124-2482_IMG_tmbn.jpg
2004.10.12 12:10 B C:\Kroegske\thumbs\124-2483_IMG_tmbn.jpg --> ftp.angelfire.com /kroegske/thumbs 124-2483_IMG_tmbn.jpg
2004.10.12 12:10 B C:\Kroegske\thumbs\124-2485_IMG_tmbn.jpg --> ftp.angelfire.com /kroegske/thumbs 124-2485_IMG_tmbn.jpg
2004.10.12 12:10 B C:\Kroegske\thumbs\124-2486_IMG_tmbn.jpg --> ftp.angelfire.com /kroegske/thumbs 124-2486_IMG_tmbn.jpg
2004.10.12 12:10 B C:\Kroegske\thumbs\124-2488_IMG_tmbn.jpg --> ftp.angelfire.com /kroegske/thumbs 124-2488_IMG_tmbn.jpg
2004.10.12 12:10 B C:\Kroegske\thumbs\124-2491_IMG_tmbn.jpg --> ftp.angelfire.com /kroegske/thumbs 124-2491_IMG_tmbn.jpg
2004.10.12 12:10 B C:\Kroegske\thumbs\124-2492_IMG_tmbn.jpg --> ftp.angelfire.com /kroegske/thumbs 124-2492_IMG_tmbn.jpg
2004.10.12 12:10 B C:\Kroegske\thumbs\124-2493_IMG_tmbn.jpg --> ftp.angelfire.com /kroegske/thumbs 124-2493_IMG_tmbn.jpg
2004.10.12 12:10 B C:\Kroegske\thumbs\124-2494_IMG_tmbn.jpg --> ftp.angelfire.com /kroegske/thumbs 124-2494_IMG_tmbn.jpg
2004.10.12 12:10 B C:\Kroegske\thumbs\124-2495_IMG_tmbn.jpg --> ftp.angelfire.com /kroegske/thumbs 124-2495_IMG_tmbn.jpg
2004.10.12 12:11 B C:\Kroegske\thumbs\124-2496_IMG_tmbn.jpg --> ftp.angelfire.com /kroegske/thumbs 124-2496_IMG_tmbn.jpg
2004.10.12 12:11 B C:\Kroegske\thumbs\124-2497_IMG_tmbn.jpg --> ftp.angelfire.com /kroegske/thumbs 124-2497_IMG_tmbn.jpg
2004.10.12 12:11 B C:\Kroegske\thumbs\124-2500_IMG_tmbn.jpg --> ftp.angelfire.com /kroegske/thumbs 124-2500_IMG_tmbn.jpg
2004.10.12 12:11 B C:\Kroegske\thumbs\6-02-20011-48-42_tmbn.jpg --> ftp.angelfire.com /kroegske/thumbs 6-02-20011-48-42_tmbn.jpg
2004.10.13 13:04 B C:\Kroegske\thumbs\12-01-200119-07-37_tmbn.jpg --> ftp.portland.co.uk /kroegske/thumbs 12-01-200119-07-37_tmbn.jpg
2004.10.13 13:04 B C:\Kroegske\thumbs\12-01-200119-07-54_tmbn.jpg --> ftp.portland.co.uk /kroegske/thumbs 12-01-200119-07-54_tmbn.jpg
2004.10.13 13:04 B C:\Kroegske\thumbs\12-01-200119-08-13_tmbn.jpg --> ftp.portland.co.uk /kroegske/thumbs 12-01-200119-08-13_tmbn.jpg
2004.10.13 13:04 B C:\Kroegske\thumbs\12-01-200119-08-45_tmbn.jpg --> ftp.portland.co.uk /kroegske/thumbs 12-01-200119-08-45_tmbn.jpg
2004.10.13 13:04 B C:\Kroegske\thumbs\12-01-200119-09-10_tmbn.jpg --> ftp.portland.co.uk /kroegske/thumbs 12-01-200119-09-10_tmbn.jpg
2004.10.13 13:04 B C:\Kroegske\thumbs\12-01-200119-09-26_tmbn.jpg --> ftp.portland.co.uk /kroegske/thumbs 12-01-200119-09-26_tmbn.jpg
2004.10.13 13:04 B C:\Kroegske\thumbs\12-01-200119-09-43_tmbn.jpg --> ftp.portland.co.uk /kroegske/thumbs 12-01-200119-09-43_tmbn.jpg
2004.10.13 13:04 B C:\Kroegske\thumbs\12-01-200119-10-01_tmbn.jpg --> ftp.portland.co.uk /kroegske/thumbs 12-01-200119-10-01_tmbn.jpg
2004.10.13 13:04 B C:\Kroegske\thumbs\12-01-200119-10-17_tmbn.jpg --> ftp.portland.co.uk /kroegske/thumbs 12-01-200119-10-17_tmbn.jpg
2004.10.13 13:04 B C:\Kroegske\thumbs\12-01-200119-10-36_tmbn.jpg --> ftp.portland.co.uk /kroegske/thumbs 12-01-200119-10-36_tmbn.jpg
2004.10.13 13:04 B C:\Kroegske\thumbs\12-01-200119-11-09_tmbn.jpg --> ftp.portland.co.uk /kroegske/thumbs 12-01-200119-11-09_tmbn.jpg
2004.10.13 13:04 B C:\Kroegske\thumbs\12-01-200119-11-26_tmbn.jpg --> ftp.portland.co.uk /kroegske/thumbs 12-01-200119-11-26_tmbn.jpg
2004.10.13 13:04 B C:\Kroegske\thumbs\12-01-200119-11-43_tmbn.jpg --> ftp.portland.co.uk /kroegske/thumbs 12-01-200119-11-43_tmbn.jpg
2004.10.13 13:04 B C:\Kroegske\thumbs\12-01-200119-11-59_tmbn.jpg --> ftp.portland.co.uk /kroegske/thumbs 12-01-200119-11-59_tmbn.jpg
2004.10.13 13:04 B C:\Kroegske\thumbs\12-01-200119-12-59_tmbn.jpg --> ftp.portland.co.uk /kroegske/thumbs 12-01-200119-12-59_tmbn.jpg
2004.10.13 13:04 B C:\Kroegske\thumbs\12-01-200119-13-17_tmbn.jpg --> ftp.portland.co.uk /kroegske/thumbs 12-01-200119-13-17_tmbn.jpg
2004.10.13 13:04 B C:\Kroegske\thumbs\12-01-200119-13-42_tmbn.jpg --> ftp.portland.co.uk /kroegske/thumbs 12-01-200119-13-42_tmbn.jpg
2004.10.13 13:04 B C:\Kroegske\thumbs\12-01-200119-14-01_tmbn.jpg --> ftp.portland.co.uk /kroegske/thumbs 12-01-200119-14-01_tmbn.jpg
2004.10.13 13:04 B C:\Kroegske\thumbs\12-01-200119-14-19_tmbn.jpg --> ftp.portland.co.uk /kroegske/thumbs 12-01-200119-14-19_tmbn.jpg
2004.10.13 13:04 B C:\Kroegske\thumbs\12-01-200119-14-46_tmbn.jpg --> ftp.portland.co.uk /kroegske/thumbs 12-01-200119-14-46_tmbn.jpg
2004.10.13 13:04 B C:\Kroegske\thumbs\12-01-200119-15-22_tmbn.jpg --> ftp.portland.co.uk /kroegske/thumbs 12-01-200119-15-22_tmbn.jpg
2004.10.13 13:04 B C:\Kroegske\thumbs\12-01-200119-15-44_tmbn.jpg --> ftp.portland.co.uk /kroegske/thumbs 12-01-200119-15-44_tmbn.jpg
2004.10.13 13:04 B C:\Kroegske\thumbs\12-01-200119-15-56_tmbn.jpg --> ftp.portland.co.uk /kroegske/thumbs 12-01-200119-15-56_tmbn.jpg
2004.10.13 13:04 B C:\Kroegske\thumbs\12-01-200119-16-37_tmbn.jpg --> ftp.portland.co.uk /kroegske/thumbs 12-01-200119-16-37_tmbn.jpg
2004.10.13 13:04 B C:\Kroegske\thumbs\12-01-200119-16-52_tmbn.jpg --> ftp.portland.co.uk /kroegske/thumbs 12-01-200119-16-52_tmbn.jpg
2004.10.13 13:04 B C:\Kroegske\thumbs\12-01-200119-17-06_tmbn.jpg --> ftp.portland.co.uk /kroegske/thumbs 12-01-200119-17-06_tmbn.jpg
2004.10.13 13:04 B C:\Kroegske\thumbs\12-01-200119-17-20_tmbn.jpg --> ftp.portland.co.uk /kroegske/thumbs 12-01-200119-17-20_tmbn.jpg
2004.10.13 13:04 B C:\Kroegske\thumbs\12-01-200119-17-33_tmbn.jpg --> ftp.portland.co.uk /kroegske/thumbs 12-01-200119-17-33_tmbn.jpg
2004.10.13 13:04 B C:\Kroegske\thumbs\12-01-200119-18-16_tmbn.jpg --> ftp.portland.co.uk /kroegske/thumbs 12-01-200119-18-16_tmbn.jpg
2004.10.13 13:04 B C:\Kroegske\thumbs\124-2470_IMG_tmbn.jpg --> ftp.portland.co.uk /kroegske/thumbs 124-2470_IMG_tmbn.jpg
2004.10.13 13:04 B C:\Kroegske\thumbs\124-2471_IMG_tmbn.jpg --> ftp.portland.co.uk /kroegske/thumbs 124-2471_IMG_tmbn.jpg
2004.10.13 13:04 B C:\Kroegske\thumbs\124-2472_IMG_tmbn.jpg --> ftp.portland.co.uk /kroegske/thumbs 124-2472_IMG_tmbn.jpg
2004.10.13 13:04 B C:\Kroegske\thumbs\124-2473_IMG_tmbn.jpg --> ftp.portland.co.uk /kroegske/thumbs 124-2473_IMG_tmbn.jpg
2004.10.13 13:05 B C:\Kroegske\thumbs\124-2475_IMG_tmbn.jpg --> ftp.portland.co.uk /kroegske/thumbs 124-2475_IMG_tmbn.jpg
2004.10.13 13:05 B C:\Kroegske\thumbs\124-2476_IMG_tmbn.jpg --> ftp.portland.co.uk /kroegske/thumbs 124-2476_IMG_tmbn.jpg
2004.10.13 13:05 B C:\Kroegske\thumbs\124-2477_IMG_tmbn.jpg --> ftp.portland.co.uk /kroegske/thumbs 124-2477_IMG_tmbn.jpg
2004.10.13 13:05 B C:\Kroegske\thumbs\124-2478_IMG_tmbn.jpg --> ftp.portland.co.uk /kroegske/thumbs 124-2478_IMG_tmbn.jpg
2004.10.13 13:05 B C:\Kroegske\thumbs\124-2479_IMG_tmbn.jpg --> ftp.portland.co.uk /kroegske/thumbs 124-2479_IMG_tmbn.jpg
2004.10.13 13:05 B C:\Kroegske\thumbs\124-2481_IMG_tmbn.jpg --> ftp.portland.co.uk /kroegske/thumbs 124-2481_IMG_tmbn.jpg
2004.10.13 13:05 B C:\Kroegske\thumbs\124-2482_IMG_tmbn.jpg --> ftp.portland.co.uk /kroegske/thumbs 124-2482_IMG_tmbn.jpg
2004.10.13 13:05 B C:\Kroegske\thumbs\124-2483_IMG_tmbn.jpg --> ftp.portland.co.uk /kroegske/thumbs 124-2483_IMG_tmbn.jpg
2004.10.13 13:05 B C:\Kroegske\thumbs\124-2485_IMG_tmbn.jpg --> ftp.portland.co.uk /kroegske/thumbs 124-2485_IMG_tmbn.jpg
2004.10.13 13:05 B C:\Kroegske\thumbs\124-2486_IMG_tmbn.jpg --> ftp.portland.co.uk /kroegske/thumbs 124-2486_IMG_tmbn.jpg
2004.10.13 13:05 B C:\Kroegske\thumbs\124-2488_IMG_tmbn.jpg --> ftp.portland.co.uk /kroegske/thumbs 124-2488_IMG_tmbn.jpg
2004.10.13 13:05 B C:\Kroegske\thumbs\124-2491_IMG_tmbn.jpg --> ftp.portland.co.uk /kroegske/thumbs 124-2491_IMG_tmbn.jpg
2004.10.13 13:05 B C:\Kroegske\thumbs\124-2492_IMG_tmbn.jpg --> ftp.portland.co.uk /kroegske/thumbs 124-2492_IMG_tmbn.jpg
2004.10.13 13:05 B C:\Kroegske\thumbs\124-2493_IMG_tmbn.jpg --> ftp.portland.co.uk /kroegske/thumbs 124-2493_IMG_tmbn.jpg
2004.10.13 13:05 B C:\Kroegske\thumbs\124-2494_IMG_tmbn.jpg --> ftp.portland.co.uk /kroegske/thumbs 124-2494_IMG_tmbn.jpg
2004.10.13 13:05 B C:\Kroegske\thumbs\124-2495_IMG_tmbn.jpg --> ftp.portland.co.uk /kroegske/thumbs 124-2495_IMG_tmbn.jpg
2004.10.13 13:05 B C:\Kroegske\thumbs\124-2496_IMG_tmbn.jpg --> ftp.portland.co.uk /kroegske/thumbs 124-2496_IMG_tmbn.jpg
2004.10.13 13:05 B C:\Kroegske\thumbs\124-2497_IMG_tmbn.jpg --> ftp.portland.co.uk /kroegske/thumbs 124-2497_IMG_tmbn.jpg
2004.10.13 13:05 B C:\Kroegske\thumbs\124-2500_IMG_tmbn.jpg --> ftp.portland.co.uk /kroegske/thumbs 124-2500_IMG_tmbn.jpg
2004.10.13 13:05 B C:\Kroegske\thumbs\6-02-20011-48-42_tmbn.jpg --> ftp.portland.co.uk /kroegske/thumbs 6-02-20011-48-42_tmbn.jpg
2004.10.13 13:05 B C:\Kroegske\thumbs\WS_FTP.LOG --> ftp.portland.co.uk /kroegske/thumbs WS_FTP.LOG
2004.11.11 11:10 B C:\Kroegske\thumbs\12-01-200119-07-37_tmbn.jpg --> ftp.despiere.be /thumbs 12-01-200119-07-37_tmbn.jpg
2004.11.11 11:10 B C:\Kroegske\thumbs\12-01-200119-07-54_tmbn.jpg --> ftp.despiere.be /thumbs 12-01-200119-07-54_tmbn.jpg
2004.11.11 11:10 B C:\Kroegske\thumbs\12-01-200119-08-13_tmbn.jpg --> ftp.despiere.be /thumbs 12-01-200119-08-13_tmbn.jpg
2004.11.11 11:10 B C:\Kroegske\thumbs\12-01-200119-08-45_tmbn.jpg --> ftp.despiere.be /thumbs 12-01-200119-08-45_tmbn.jpg
2004.11.11 11:10 B C:\Kroegske\thumbs\12-01-200119-09-10_tmbn.jpg --> ftp.despiere.be /thumbs 12-01-200119-09-10_tmbn.jpg
2004.11.11 11:10 B C:\Kroegske\thumbs\12-01-200119-09-26_tmbn.jpg --> ftp.despiere.be /thumbs 12-01-200119-09-26_tmbn.jpg
2004.11.11 11:10 B C:\Kroegske\thumbs\12-01-200119-09-43_tmbn.jpg --> ftp.despiere.be /thumbs 12-01-200119-09-43_tmbn.jpg
2004.11.11 11:10 B C:\Kroegske\thumbs\12-01-200119-10-01_tmbn.jpg --> ftp.despiere.be /thumbs 12-01-200119-10-01_tmbn.jpg
2004.11.11 11:10 B C:\Kroegske\thumbs\12-01-200119-10-17_tmbn.jpg --> ftp.despiere.be /thumbs 12-01-200119-10-17_tmbn.jpg
2004.11.11 11:11 B C:\Kroegske\thumbs\12-01-200119-10-36_tmbn.jpg --> ftp.despiere.be /thumbs 12-01-200119-10-36_tmbn.jpg
2004.11.11 11:11 B C:\Kroegske\thumbs\12-01-200119-11-09_tmbn.jpg --> ftp.despiere.be /thumbs 12-01-200119-11-09_tmbn.jpg
2004.11.11 11:11 B C:\Kroegske\thumbs\12-01-200119-11-26_tmbn.jpg --> ftp.despiere.be /thumbs 12-01-200119-11-26_tmbn.jpg
2004.11.11 11:11 B C:\Kroegske\thumbs\12-01-200119-11-43_tmbn.jpg --> ftp.despiere.be /thumbs 12-01-200119-11-43_tmbn.jpg
2004.11.11 11:11 B C:\Kroegske\thumbs\12-01-200119-11-59_tmbn.jpg --> ftp.despiere.be /thumbs 12-01-200119-11-59_tmbn.jpg
2004.11.11 11:11 B C:\Kroegske\thumbs\12-01-200119-12-59_tmbn.jpg --> ftp.despiere.be /thumbs 12-01-200119-12-59_tmbn.jpg
2004.11.11 11:11 B C:\Kroegske\thumbs\12-01-200119-13-17_tmbn.jpg --> ftp.despiere.be /thumbs 12-01-200119-13-17_tmbn.jpg
2004.11.11 11:11 B C:\Kroegske\thumbs\12-01-200119-13-42_tmbn.jpg --> ftp.despiere.be /thumbs 12-01-200119-13-42_tmbn.jpg
2004.11.11 11:11 B C:\Kroegske\thumbs\12-01-200119-14-01_tmbn.jpg --> ftp.despiere.be /thumbs 12-01-200119-14-01_tmbn.jpg
2004.11.11 11:11 B C:\Kroegske\thumbs\12-01-200119-14-19_tmbn.jpg --> ftp.despiere.be /thumbs 12-01-200119-14-19_tmbn.jpg
2004.11.11 11:11 B C:\Kroegske\thumbs\12-01-200119-14-46_tmbn.jpg --> ftp.despiere.be /thumbs 12-01-200119-14-46_tmbn.jpg
2004.11.11 11:11 B C:\Kroegske\thumbs\12-01-200119-15-22_tmbn.jpg --> ftp.despiere.be /thumbs 12-01-200119-15-22_tmbn.jpg
2004.11.11 11:11 B C:\Kroegske\thumbs\12-01-200119-15-44_tmbn.jpg --> ftp.despiere.be /thumbs 12-01-200119-15-44_tmbn.jpg
2004.11.11 11:11 B C:\Kroegske\thumbs\12-01-200119-15-56_tmbn.jpg --> ftp.despiere.be /thumbs 12-01-200119-15-56_tmbn.jpg
2004.11.11 11:11 B C:\Kroegske\thumbs\12-01-200119-16-37_tmbn.jpg --> ftp.despiere.be /thumbs 12-01-200119-16-37_tmbn.jpg
2004.11.11 11:11 B C:\Kroegske\thumbs\12-01-200119-16-52_tmbn.jpg --> ftp.despiere.be /thumbs 12-01-200119-16-52_tmbn.jpg
2004.11.11 11:11 B C:\Kroegske\thumbs\12-01-200119-17-06_tmbn.jpg --> ftp.despiere.be /thumbs 12-01-200119-17-06_tmbn.jpg
2004.11.11 11:11 B C:\Kroegske\thumbs\12-01-200119-17-20_tmbn.jpg --> ftp.despiere.be /thumbs 12-01-200119-17-20_tmbn.jpg
2004.11.11 11:11 B C:\Kroegske\thumbs\12-01-200119-17-33_tmbn.jpg --> ftp.despiere.be /thumbs 12-01-200119-17-33_tmbn.jpg
2004.11.11 11:11 B C:\Kroegske\thumbs\12-01-200119-18-16_tmbn.jpg --> ftp.despiere.be /thumbs 12-01-200119-18-16_tmbn.jpg
2004.11.11 11:11 B C:\Kroegske\thumbs\124-2470_IMG_tmbn.jpg --> ftp.despiere.be /thumbs 124-2470_IMG_tmbn.jpg
2004.11.11 11:11 B C:\Kroegske\thumbs\124-2471_IMG_tmbn.jpg --> ftp.despiere.be /thumbs 124-2471_IMG_tmbn.jpg
2004.11.11 11:11 B C:\Kroegske\thumbs\124-2472_IMG_tmbn.jpg --> ftp.despiere.be /thumbs 124-2472_IMG_tmbn.jpg
2004.11.11 11:11 B C:\Kroegske\thumbs\124-2473_IMG_tmbn.jpg --> ftp.despiere.be /thumbs 124-2473_IMG_tmbn.jpg
2004.11.11 11:11 B C:\Kroegske\thumbs\124-2475_IMG_tmbn.jpg --> ftp.despiere.be /thumbs 124-2475_IMG_tmbn.jpg
2004.11.11 11:11 B C:\Kroegske\thumbs\124-2476_IMG_tmbn.jpg --> ftp.despiere.be /thumbs 124-2476_IMG_tmbn.jpg
2004.11.11 11:11 B C:\Kroegske\thumbs\124-2477_IMG_tmbn.jpg --> ftp.despiere.be /thumbs 124-2477_IMG_tmbn.jpg
2004.11.11 11:11 B C:\Kroegske\thumbs\124-2478_IMG_tmbn.jpg --> ftp.despiere.be /thumbs 124-2478_IMG_tmbn.jpg
2004.11.11 11:11 B C:\Kroegske\thumbs\124-2479_IMG_tmbn.jpg --> ftp.despiere.be /thumbs 124-2479_IMG_tmbn.jpg
2004.11.11 11:11 B C:\Kroegske\thumbs\124-2481_IMG_tmbn.jpg --> ftp.despiere.be /thumbs 124-2481_IMG_tmbn.jpg
2004.11.11 11:11 B C:\Kroegske\thumbs\124-2482_IMG_tmbn.jpg --> ftp.despiere.be /thumbs 124-2482_IMG_tmbn.jpg
2004.11.11 11:11 B C:\Kroegske\thumbs\124-2483_IMG_tmbn.jpg --> ftp.despiere.be /thumbs 124-2483_IMG_tmbn.jpg
2004.11.11 11:11 B C:\Kroegske\thumbs\124-2485_IMG_tmbn.jpg --> ftp.despiere.be /thumbs 124-2485_IMG_tmbn.jpg
2004.11.11 11:11 B C:\Kroegske\thumbs\124-2486_IMG_tmbn.jpg --> ftp.despiere.be /thumbs 124-2486_IMG_tmbn.jpg
2004.11.11 11:11 B C:\Kroegske\thumbs\124-2488_IMG_tmbn.jpg --> ftp.despiere.be /thumbs 124-2488_IMG_tmbn.jpg
2004.11.11 11:11 B C:\Kroegske\thumbs\124-2491_IMG_tmbn.jpg --> ftp.despiere.be /thumbs 124-2491_IMG_tmbn.jpg
2004.11.11 11:11 B C:\Kroegske\thumbs\124-2492_IMG_tmbn.jpg --> ftp.despiere.be /thumbs 124-2492_IMG_tmbn.jpg
2004.11.11 11:11 B C:\Kroegske\thumbs\124-2493_IMG_tmbn.jpg --> ftp.despiere.be /thumbs 124-2493_IMG_tmbn.jpg
2004.11.11 11:11 B C:\Kroegske\thumbs\124-2494_IMG_tmbn.jpg --> ftp.despiere.be /thumbs 124-2494_IMG_tmbn.jpg
2004.11.11 11:11 B C:\Kroegske\thumbs\124-2495_IMG_tmbn.jpg --> ftp.despiere.be /thumbs 124-2495_IMG_tmbn.jpg
2004.11.11 11:11 B C:\Kroegske\thumbs\124-2496_IMG_tmbn.jpg --> ftp.despiere.be /thumbs 124-2496_IMG_tmbn.jpg
2004.11.11 11:11 B C:\Kroegske\thumbs\124-2497_IMG_tmbn.jpg --> ftp.despiere.be /thumbs 124-2497_IMG_tmbn.jpg
2004.11.11 11:11 B C:\Kroegske\thumbs\124-2500_IMG_tmbn.jpg --> ftp.despiere.be /thumbs 124-2500_IMG_tmbn.jpg
2004.11.11 11:11 B C:\Kroegske\thumbs\6-02-20011-48-42_tmbn.jpg --> ftp.despiere.be /thumbs 6-02-20011-48-42_tmbn.jpg
2004.11.11 11:11 B C:\Kroegske\thumbs\WS_FTP.LOG --> ftp.despiere.be /thumbs WS_FTP.LOG
2004.11.11 11:13 B C:\Kroegske\thumbs\12-01-200119-07-37_tmbn.jpg --> ftp.despiere.be /thumbs 12-01-200119-07-37_tmbn.jpg
2004.11.11 11:13 B C:\Kroegske\thumbs\12-01-200119-07-54_tmbn.jpg --> ftp.despiere.be /thumbs 12-01-200119-07-54_tmbn.jpg
2004.11.11 11:13 B C:\Kroegske\thumbs\12-01-200119-08-13_tmbn.jpg --> ftp.despiere.be /thumbs 12-01-200119-08-13_tmbn.jpg
2004.11.11 11:13 B C:\Kroegske\thumbs\12-01-200119-08-45_tmbn.jpg --> ftp.despiere.be /thumbs 12-01-200119-08-45_tmbn.jpg
2004.11.11 11:13 B C:\Kroegske\thumbs\12-01-200119-09-10_tmbn.jpg --> ftp.despiere.be /thumbs 12-01-200119-09-10_tmbn.jpg
2004.11.11 11:13 B C:\Kroegske\thumbs\12-01-200119-09-26_tmbn.jpg --> ftp.despiere.be /thumbs 12-01-200119-09-26_tmbn.jpg
2004.11.11 11:13 B C:\Kroegske\thumbs\12-01-200119-09-43_tmbn.jpg --> ftp.despiere.be /thumbs 12-01-200119-09-43_tmbn.jpg
2004.11.11 11:13 B C:\Kroegske\thumbs\12-01-200119-10-01_tmbn.jpg --> ftp.despiere.be /thumbs 12-01-200119-10-01_tmbn.jpg
2004.11.11 11:13 B C:\Kroegske\thumbs\12-01-200119-10-17_tmbn.jpg --> ftp.despiere.be /thumbs 12-01-200119-10-17_tmbn.jpg
2004.11.11 11:13 B C:\Kroegske\thumbs\12-01-200119-10-36_tmbn.jpg --> ftp.despiere.be /thumbs 12-01-200119-10-36_tmbn.jpg
2004.11.11 11:13 B C:\Kroegske\thumbs\12-01-200119-11-09_tmbn.jpg --> ftp.despiere.be /thumbs 12-01-200119-11-09_tmbn.jpg
2004.11.11 11:13 B C:\Kroegske\thumbs\12-01-200119-11-26_tmbn.jpg --> ftp.despiere.be /thumbs 12-01-200119-11-26_tmbn.jpg
2004.11.11 11:13 B C:\Kroegske\thumbs\12-01-200119-11-43_tmbn.jpg --> ftp.despiere.be /thumbs 12-01-200119-11-43_tmbn.jpg
2004.11.11 11:13 B C:\Kroegske\thumbs\12-01-200119-11-59_tmbn.jpg --> ftp.despiere.be /thumbs 12-01-200119-11-59_tmbn.jpg
2004.11.11 11:13 B C:\Kroegske\thumbs\12-01-200119-12-59_tmbn.jpg --> ftp.despiere.be /thumbs 12-01-200119-12-59_tmbn.jpg
2004.11.11 11:13 B C:\Kroegske\thumbs\12-01-200119-13-17_tmbn.jpg --> ftp.despiere.be /thumbs 12-01-200119-13-17_tmbn.jpg
2004.11.11 11:13 B C:\Kroegske\thumbs\12-01-200119-13-42_tmbn.jpg --> ftp.despiere.be /thumbs 12-01-200119-13-42_tmbn.jpg
2004.11.11 11:13 B C:\Kroegske\thumbs\12-01-200119-14-01_tmbn.jpg --> ftp.despiere.be /thumbs 12-01-200119-14-01_tmbn.jpg
2004.11.11 11:13 B C:\Kroegske\thumbs\12-01-200119-14-19_tmbn.jpg --> ftp.despiere.be /thumbs 12-01-200119-14-19_tmbn.jpg
2004.11.11 11:13 B C:\Kroegske\thumbs\12-01-200119-14-46_tmbn.jpg --> ftp.despiere.be /thumbs 12-01-200119-14-46_tmbn.jpg
2004.11.11 11:13 B C:\Kroegske\thumbs\12-01-200119-15-22_tmbn.jpg --> ftp.despiere.be /thumbs 12-01-200119-15-22_tmbn.jpg
2004.11.11 11:13 B C:\Kroegske\thumbs\12-01-200119-15-44_tmbn.jpg --> ftp.despiere.be /thumbs 12-01-200119-15-44_tmbn.jpg
2004.11.11 11:13 B C:\Kroegske\thumbs\12-01-200119-15-56_tmbn.jpg --> ftp.despiere.be /thumbs 12-01-200119-15-56_tmbn.jpg
2004.11.11 11:13 B C:\Kroegske\thumbs\12-01-200119-16-37_tmbn.jpg --> ftp.despiere.be /thumbs 12-01-200119-16-37_tmbn.jpg
2004.11.11 11:13 B C:\Kroegske\thumbs\12-01-200119-16-52_tmbn.jpg --> ftp.despiere.be /thumbs 12-01-200119-16-52_tmbn.jpg
2004.11.11 11:13 B C:\Kroegske\thumbs\12-01-200119-17-06_tmbn.jpg --> ftp.despiere.be /thumbs 12-01-200119-17-06_tmbn.jpg
2004.11.11 11:13 B C:\Kroegske\thumbs\12-01-200119-17-20_tmbn.jpg --> ftp.despiere.be /thumbs 12-01-200119-17-20_tmbn.jpg
2004.11.11 11:13 B C:\Kroegske\thumbs\12-01-200119-17-33_tmbn.jpg --> ftp.despiere.be /thumbs 12-01-200119-17-33_tmbn.jpg
2004.11.11 11:13 B C:\Kroegske\thumbs\12-01-200119-18-16_tmbn.jpg --> ftp.despiere.be /thumbs 12-01-200119-18-16_tmbn.jpg
2004.11.11 11:13 B C:\Kroegske\thumbs\124-2470_IMG_tmbn.jpg --> ftp.despiere.be /thumbs 124-2470_IMG_tmbn.jpg
2004.11.11 11:13 B C:\Kroegske\thumbs\124-2471_IMG_tmbn.jpg --> ftp.despiere.be /thumbs 124-2471_IMG_tmbn.jpg
2004.11.11 11:13 B C:\Kroegske\thumbs\124-2472_IMG_tmbn.jpg --> ftp.despiere.be /thumbs 124-2472_IMG_tmbn.jpg
2004.11.11 11:13 B C:\Kroegske\thumbs\124-2473_IMG_tmbn.jpg --> ftp.despiere.be /thumbs 124-2473_IMG_tmbn.jpg
2004.11.11 11:13 B C:\Kroegske\thumbs\124-2475_IMG_tmbn.jpg --> ftp.despiere.be /thumbs 124-2475_IMG_tmbn.jpg
2004.11.11 11:13 B C:\Kroegske\thumbs\124-2476_IMG_tmbn.jpg --> ftp.despiere.be /thumbs 124-2476_IMG_tmbn.jpg
2004.11.11 11:13 B C:\Kroegske\thumbs\124-2477_IMG_tmbn.jpg --> ftp.despiere.be /thumbs 124-2477_IMG_tmbn.jpg
2004.11.11 11:13 B C:\Kroegske\thumbs\124-2478_IMG_tmbn.jpg --> ftp.despiere.be /thumbs 124-2478_IMG_tmbn.jpg
2004.11.11 11:13 B C:\Kroegske\thumbs\124-2479_IMG_tmbn.jpg --> ftp.despiere.be /thumbs 124-2479_IMG_tmbn.jpg
2004.11.11 11:13 B C:\Kroegske\thumbs\124-2481_IMG_tmbn.jpg --> ftp.despiere.be /thumbs 124-2481_IMG_tmbn.jpg
2004.11.11 11:13 B C:\Kroegske\thumbs\124-2482_IMG_tmbn.jpg --> ftp.despiere.be /thumbs 124-2482_IMG_tmbn.jpg
2004.11.11 11:13 B C:\Kroegske\thumbs\124-2483_IMG_tmbn.jpg --> ftp.despiere.be /thumbs 124-2483_IMG_tmbn.jpg
2004.11.11 11:13 B C:\Kroegske\thumbs\124-2485_IMG_tmbn.jpg --> ftp.despiere.be /thumbs 124-2485_IMG_tmbn.jpg
2004.11.11 11:13 B C:\Kroegske\thumbs\124-2486_IMG_tmbn.jpg --> ftp.despiere.be /thumbs 124-2486_IMG_tmbn.jpg
2004.11.11 11:13 B C:\Kroegske\thumbs\124-2488_IMG_tmbn.jpg --> ftp.despiere.be /thumbs 124-2488_IMG_tmbn.jpg
2004.11.11 11:13 B C:\Kroegske\thumbs\124-2491_IMG_tmbn.jpg --> ftp.despiere.be /thumbs 124-2491_IMG_tmbn.jpg
2004.11.11 11:13 B C:\Kroegske\thumbs\124-2492_IMG_tmbn.jpg --> ftp.despiere.be /thumbs 124-2492_IMG_tmbn.jpg
2004.11.11 11:13 B C:\Kroegske\thumbs\124-2493_IMG_tmbn.jpg --> ftp.despiere.be /thumbs 124-2493_IMG_tmbn.jpg
2004.11.11 11:13 B C:\Kroegske\thumbs\124-2494_IMG_tmbn.jpg --> ftp.despiere.be /thumbs 124-2494_IMG_tmbn.jpg
2004.11.11 11:13 B C:\Kroegske\thumbs\124-2495_IMG_tmbn.jpg --> ftp.despiere.be /thumbs 124-2495_IMG_tmbn.jpg
2004.11.11 11:13 B C:\Kroegske\thumbs\124-2496_IMG_tmbn.jpg --> ftp.despiere.be /thumbs 124-2496_IMG_tmbn.jpg
2004.11.11 11:13 B C:\Kroegske\thumbs\124-2497_IMG_tmbn.jpg --> ftp.despiere.be /thumbs 124-2497_IMG_tmbn.jpg
2004.11.11 11:13 B C:\Kroegske\thumbs\124-2500_IMG_tmbn.jpg --> ftp.despiere.be /thumbs 124-2500_IMG_tmbn.jpg
2004.11.11 11:13 B C:\Kroegske\thumbs\6-02-20011-48-42_tmbn.jpg --> ftp.despiere.be /thumbs 6-02-20011-48-42_tmbn.jpg
